<?xml version="1.0" encoding="UTF-8"?>
<!-- Generated by org.testng.reporters.JUnitReportReporter -->
<testsuite hostname="QT-INBG-LT2007" failures="0" tests="3" name="HybridFramework.SeleniumFrameworkDesign.SubmitOrder" time="31.327" errors="0" timestamp="2022-10-19T12:35:38 IST" skipped="0">
  <testcase classname="HybridFramework.SeleniumFrameworkDesign.SubmitOrder" name="CartValidationCheck" time="3.828"/>
  <system-out/>
  <testcase classname="HybridFramework.SeleniumFrameworkDesign.SubmitOrder" name="SubmitOrderTest" time="12.692"/>
  <system-out/>
  <testcase classname="HybridFramework.SeleniumFrameworkDesign.SubmitOrder" name="SubmitOrderTest" time="14.807"/>
  <system-out/>
</testsuite> <!-- HybridFramework.SeleniumFrameworkDesign.SubmitOrder -->
