<?xml version="1.0" encoding="UTF-8"?>
<!-- Generated by org.testng.reporters.JUnitReportReporter -->
<testsuite hostname="QT-INBG-LT2007" failures="0" tests="2" name="HybridFramework.SeleniumFrameworkDesign.ErrorValidation" time="17.423" errors="0" timestamp="2022-10-19T12:35:38 IST" skipped="0">
  <testcase classname="HybridFramework.SeleniumFrameworkDesign.ErrorValidation" name="ProductValidationCheck" time="12.774"/>
  <system-out/>
  <testcase classname="HybridFramework.SeleniumFrameworkDesign.ErrorValidation" name="LoginErrorValidationTest" time="4.649"/>
  <system-out/>
</testsuite> <!-- HybridFramework.SeleniumFrameworkDesign.ErrorValidation -->
